app/build/intermediates/manifest_merge_blame_file/debug/manifest-merger-blame-debug-report.txt
1<?xml version="1.0" encoding="utf-8"?>
2<manifest xmlns:android="http://schemas.android.com/apk/res/android"
3    package="com.learning.mvvmfoodapp"
4    android:versionCode="1"
5    android:versionName="1.0" >
6
7    <uses-sdk
8        android:minSdkVersion="24"
8-->src\main\AndroidManifest.xml
9        android:targetSdkVersion="34" />
9-->src\main\AndroidManifest.xml
10
11    <uses-permission android:name="android.permission.INTERNET" />
11-->src\main\AndroidManifest.xml:5:5-67
11-->src\main\AndroidManifest.xml:5:22-64
12
13    <permission
13-->[androidx.core:core:1.13.1] AndroidManifest.xml:22:5-24:47
14        android:name="com.learning.mvvmfoodapp.DYNAMIC_RECEIVER_NOT_EXPORTED_PERMISSION"
14-->[androidx.core:core:1.13.1] AndroidManifest.xml:23:9-81
15        android:protectionLevel="signature" />
15-->[androidx.core:core:1.13.1] AndroidManifest.xml:24:9-44
16
17    <uses-permission android:name="com.learning.mvvmfoodapp.DYNAMIC_RECEIVER_NOT_EXPORTED_PERMISSION" />
17-->[androidx.core:core:1.13.1] AndroidManifest.xml:26:5-97
17-->[androidx.core:core:1.13.1] AndroidManifest.xml:26:22-94
18
19    <application
19-->src\main\AndroidManifest.xml:7:5-33:19
20        android:allowBackup="true"
20-->src\main\AndroidManifest.xml:8:9-35
21        android:appComponentFactory="androidx.core.app.CoreComponentFactory"
21-->[androidx.core:core:1.13.1] AndroidManifest.xml:28:18-86
22        android:dataExtractionRules="@xml/data_extraction_rules"
22-->src\main\AndroidManifest.xml:9:9-65
23        android:debuggable="true"
24        android:extractNativeLibs="false"
25        android:fullBackupContent="@xml/backup_rules"
25-->src\main\AndroidManifest.xml:10:9-54
26        android:icon="@mipmap/ic_launcher"
26-->src\main\AndroidManifest.xml:11:9-43
27        android:label="@string/app_name"
27-->src\main\AndroidManifest.xml:12:9-41
28        android:roundIcon="@mipmap/ic_launcher_round"
28-->src\main\AndroidManifest.xml:13:9-54
29        android:supportsRtl="true"
29-->src\main\AndroidManifest.xml:14:9-35
30        android:theme="@style/Theme.MVVMFoodApp"
30-->src\main\AndroidManifest.xml:15:9-49
31        android:usesCleartextTraffic="true" >
31-->src\main\AndroidManifest.xml:16:9-44
32        <activity
32-->src\main\AndroidManifest.xml:18:9-20:40
33            android:name="com.learning.mvvmfoodapp.activities.CategoryMealsActivity"
33-->src\main\AndroidManifest.xml:19:13-61
34            android:exported="false" />
34-->src\main\AndroidManifest.xml:20:13-37
35        <activity
35-->src\main\AndroidManifest.xml:21:9-23:40
36            android:name="com.learning.mvvmfoodapp.activities.MealActivity"
36-->src\main\AndroidManifest.xml:22:13-52
37            android:exported="false" />
37-->src\main\AndroidManifest.xml:23:13-37
38        <activity
38-->src\main\AndroidManifest.xml:24:9-32:20
39            android:name="com.learning.mvvmfoodapp.activities.MainActivity"
39-->src\main\AndroidManifest.xml:25:13-52
40            android:exported="true" >
40-->src\main\AndroidManifest.xml:26:13-36
41            <intent-filter>
41-->src\main\AndroidManifest.xml:27:13-31:29
42                <action android:name="android.intent.action.MAIN" />
42-->src\main\AndroidManifest.xml:28:17-69
42-->src\main\AndroidManifest.xml:28:25-66
43
44                <category android:name="android.intent.category.LAUNCHER" />
44-->src\main\AndroidManifest.xml:30:17-77
44-->src\main\AndroidManifest.xml:30:27-74
45            </intent-filter>
46        </activity>
47
48        <provider
48-->[androidx.emoji2:emoji2:1.3.0] AndroidManifest.xml:24:9-32:20
49            android:name="androidx.startup.InitializationProvider"
49-->[androidx.emoji2:emoji2:1.3.0] AndroidManifest.xml:25:13-67
50            android:authorities="com.learning.mvvmfoodapp.androidx-startup"
50-->[androidx.emoji2:emoji2:1.3.0] AndroidManifest.xml:26:13-68
51            android:exported="false" >
51-->[androidx.emoji2:emoji2:1.3.0] AndroidManifest.xml:27:13-37
52            <meta-data
52-->[androidx.emoji2:emoji2:1.3.0] AndroidManifest.xml:29:13-31:52
53                android:name="androidx.emoji2.text.EmojiCompatInitializer"
53-->[androidx.emoji2:emoji2:1.3.0] AndroidManifest.xml:30:17-75
54                android:value="androidx.startup" />
54-->[androidx.emoji2:emoji2:1.3.0] AndroidManifest.xml:31:17-49
55            <meta-data
55-->[androidx.lifecycle:lifecycle-process:2.8.4] AndroidManifest.xml:29:13-31:52
56                android:name="androidx.lifecycle.ProcessLifecycleInitializer"
56-->[androidx.lifecycle:lifecycle-process:2.8.4] AndroidManifest.xml:30:17-78
57                android:value="androidx.startup" />
57-->[androidx.lifecycle:lifecycle-process:2.8.4] AndroidManifest.xml:31:17-49
58            <meta-data
58-->[androidx.profileinstaller:profileinstaller:1.3.1] AndroidManifest.xml:29:13-31:52
59                android:name="androidx.profileinstaller.ProfileInstallerInitializer"
59-->[androidx.profileinstaller:profileinstaller:1.3.1] AndroidManifest.xml:30:17-85
60                android:value="androidx.startup" />
60-->[androidx.profileinstaller:profileinstaller:1.3.1] AndroidManifest.xml:31:17-49
61        </provider>
62
63        <uses-library
63-->[androidx.window:window:1.0.0] AndroidManifest.xml:25:9-27:40
64            android:name="androidx.window.extensions"
64-->[androidx.window:window:1.0.0] AndroidManifest.xml:26:13-54
65            android:required="false" />
65-->[androidx.window:window:1.0.0] AndroidManifest.xml:27:13-37
66        <uses-library
66-->[androidx.window:window:1.0.0] AndroidManifest.xml:28:9-30:40
67            android:name="androidx.window.sidecar"
67-->[androidx.window:window:1.0.0] AndroidManifest.xml:29:13-51
68            android:required="false" />
68-->[androidx.window:window:1.0.0] AndroidManifest.xml:30:13-37
69
70        <service
70-->[androidx.room:room-runtime:2.6.1] AndroidManifest.xml:24:9-28:63
71            android:name="androidx.room.MultiInstanceInvalidationService"
71-->[androidx.room:room-runtime:2.6.1] AndroidManifest.xml:25:13-74
72            android:directBootAware="true"
72-->[androidx.room:room-runtime:2.6.1] AndroidManifest.xml:26:13-43
73            android:exported="false" />
73-->[androidx.room:room-runtime:2.6.1] AndroidManifest.xml:27:13-37
74
75        <receiver
75-->[androidx.profileinstaller:profileinstaller:1.3.1] AndroidManifest.xml:34:9-52:20
76            android:name="androidx.profileinstaller.ProfileInstallReceiver"
76-->[androidx.profileinstaller:profileinstaller:1.3.1] AndroidManifest.xml:35:13-76
77            android:directBootAware="false"
77-->[androidx.profileinstaller:profileinstaller:1.3.1] AndroidManifest.xml:36:13-44
78            android:enabled="true"
78-->[androidx.profileinstaller:profileinstaller:1.3.1] AndroidManifest.xml:37:13-35
79            android:exported="true"
79-->[androidx.profileinstaller:profileinstaller:1.3.1] AndroidManifest.xml:38:13-36
80            android:permission="android.permission.DUMP" >
80-->[androidx.profileinstaller:profileinstaller:1.3.1] AndroidManifest.xml:39:13-57
81            <intent-filter>
81-->[androidx.profileinstaller:profileinstaller:1.3.1] AndroidManifest.xml:40:13-42:29
82                <action android:name="androidx.profileinstaller.action.INSTALL_PROFILE" />
82-->[androidx.profileinstaller:profileinstaller:1.3.1] AndroidManifest.xml:41:17-91
82-->[androidx.profileinstaller:profileinstaller:1.3.1] AndroidManifest.xml:41:25-88
83            </intent-filter>
84            <intent-filter>
84-->[androidx.profileinstaller:profileinstaller:1.3.1] AndroidManifest.xml:43:13-45:29
85                <action android:name="androidx.profileinstaller.action.SKIP_FILE" />
85-->[androidx.profileinstaller:profileinstaller:1.3.1] AndroidManifest.xml:44:17-85
85-->[androidx.profileinstaller:profileinstaller:1.3.1] AndroidManifest.xml:44:25-82
86            </intent-filter>
87            <intent-filter>
87-->[androidx.profileinstaller:profileinstaller:1.3.1] AndroidManifest.xml:46:13-48:29
88                <action android:name="androidx.profileinstaller.action.SAVE_PROFILE" />
88-->[androidx.profileinstaller:profileinstaller:1.3.1] AndroidManifest.xml:47:17-88
88-->[androidx.profileinstaller:profileinstaller:1.3.1] AndroidManifest.xml:47:25-85
89            </intent-filter>
90            <intent-filter>
90-->[androidx.profileinstaller:profileinstaller:1.3.1] AndroidManifest.xml:49:13-51:29
91                <action android:name="androidx.profileinstaller.action.BENCHMARK_OPERATION" />
91-->[androidx.profileinstaller:profileinstaller:1.3.1] AndroidManifest.xml:50:17-95
91-->[androidx.profileinstaller:profileinstaller:1.3.1] AndroidManifest.xml:50:25-92
92            </intent-filter>
93        </receiver>
94    </application>
95
96</manifest>